2024-04-03 10:04:08,479 - Inference - INFO - start-inf-base-cif
2024-04-03 10:04:26,097 - Inference - INFO - end-inf-base-cif
2024-04-03 10:09:22,997 - Inference - INFO - start-inf-base-cif
2024-04-03 10:09:40,498 - Inference - INFO - end-inf-base-cif
2024-04-03 10:13:42,469 - Inference - INFO - start-inf-cp-0.1-lay[44]
2024-04-03 10:14:00,192 - Inference - INFO - end-inf-cp-0.1-lay[44]
2024-04-03 10:18:00,431 - Inference - INFO - start-inf-cp-0.1-lay[54,51]
2024-04-03 10:18:18,517 - Inference - INFO - end-inf-cp-0.1-lay[54,51]
2024-04-03 10:22:18,747 - Inference - INFO - start-inf-cp-0.1-lay[60]
2024-04-03 10:22:36,167 - Inference - INFO - end-inf-cp-0.1-lay[60]
2024-04-03 10:26:36,352 - Inference - INFO - start-inf-cp-0.1-lay[63]
2024-04-03 10:26:53,862 - Inference - INFO - end-inf-cp-0.1-lay[63]
2024-04-03 10:30:54,077 - Inference - INFO - start-inf-cp-0.1-lay[63,60]
2024-04-03 10:31:12,093 - Inference - INFO - end-inf-cp-0.1-lay[63,60]
2024-04-03 10:35:12,336 - Inference - INFO - start-inf-cp-0.1-lay[63,60,44,41]
2024-04-03 10:35:30,469 - Inference - INFO - end-inf-cp-0.1-lay[63,60,44,41]
2024-04-03 10:39:30,719 - Inference - INFO - start-inf-cp-0.9-lay[63]
2024-04-03 10:39:51,032 - Inference - INFO - end-inf-cp-0.9-lay[63]
2024-04-03 10:43:51,225 - Inference - INFO - start-inf-tucker-0.9-lay[63]
2024-04-03 10:44:10,548 - Inference - INFO - end-inf-tucker-0.9-lay[63]
2024-04-03 10:48:10,797 - Inference - INFO - start-inf-tucker-0.1-lay[63]
2024-04-03 10:48:29,362 - Inference - INFO - end-inf-tucker-0.1-lay[63]
2024-04-03 10:52:29,613 - Inference - INFO - start-inf-tucker-0.1-lay[44]
2024-04-03 10:52:47,196 - Inference - INFO - end-inf-tucker-0.1-lay[44]
2024-04-03 10:56:47,309 - Inference - INFO - start-inf-tucker-0.1-lay[60]
2024-04-03 10:57:05,819 - Inference - INFO - end-inf-tucker-0.1-lay[60]
2024-04-03 11:01:05,969 - Inference - INFO - start-inf-tt-0.19-lay[63]
2024-04-03 11:01:22,964 - Inference - INFO - end-inf-tt-0.19-lay[63]
2024-04-03 11:05:23,085 - Inference - INFO - start-inf-tt-0.19-lay[60]
2024-04-03 11:05:40,071 - Inference - INFO - end-inf-tt-0.19-lay[60]
2024-04-03 11:09:40,245 - Inference - INFO - start-inf-tt-0.19-lay[44]
2024-04-03 11:09:56,978 - Inference - INFO - end-inf-tt-0.19-lay[44]
2024-04-03 12:29:17,604 - Inference - INFO - start-inf-base-cif
2024-04-03 12:30:16,261 - Inference - INFO - end-inf-base-cif
2024-04-03 12:34:18,745 - Inference - INFO - start-inf-cp-0.1-lay[44]
2024-04-03 12:35:18,934 - Inference - INFO - end-inf-cp-0.1-lay[44]
2024-04-03 12:39:19,119 - Inference - INFO - start-inf-cp-0.1-lay[54,51]
2024-04-03 12:40:21,247 - Inference - INFO - end-inf-cp-0.1-lay[54,51]
2024-04-03 12:44:21,489 - Inference - INFO - start-inf-cp-0.1-lay[60]
2024-04-03 12:45:21,306 - Inference - INFO - end-inf-cp-0.1-lay[60]
2024-04-03 12:49:21,489 - Inference - INFO - start-inf-cp-0.1-lay[63]
2024-04-03 12:50:21,283 - Inference - INFO - end-inf-cp-0.1-lay[63]
2024-04-03 12:54:21,469 - Inference - INFO - start-inf-cp-0.1-lay[63,60]
2024-04-03 12:55:23,029 - Inference - INFO - end-inf-cp-0.1-lay[63,60]
2024-04-03 12:59:23,233 - Inference - INFO - start-inf-cp-0.1-lay[63,60,44,41]
2024-04-03 13:00:25,156 - Inference - INFO - end-inf-cp-0.1-lay[63,60,44,41]
2024-04-03 13:04:25,333 - Inference - INFO - start-inf-cp-0.9-lay[63]
2024-04-03 13:05:35,724 - Inference - INFO - end-inf-cp-0.9-lay[63]
2024-04-03 13:09:35,872 - Inference - INFO - start-inf-tucker-0.9-lay[63]
2024-04-03 13:10:42,107 - Inference - INFO - end-inf-tucker-0.9-lay[63]
2024-04-03 13:14:42,317 - Inference - INFO - start-inf-tucker-0.1-lay[63]
2024-04-03 13:15:45,743 - Inference - INFO - end-inf-tucker-0.1-lay[63]
2024-04-03 13:19:45,993 - Inference - INFO - start-inf-tucker-0.1-lay[44]
2024-04-03 13:20:45,522 - Inference - INFO - end-inf-tucker-0.1-lay[44]
2024-04-03 13:24:45,701 - Inference - INFO - start-inf-tucker-0.1-lay[60]
2024-04-03 13:25:49,090 - Inference - INFO - end-inf-tucker-0.1-lay[60]
2024-04-03 13:29:49,261 - Inference - INFO - start-inf-tt-0.19-lay[63]
2024-04-03 13:30:47,550 - Inference - INFO - end-inf-tt-0.19-lay[63]
2024-04-03 13:34:47,822 - Inference - INFO - start-inf-tt-0.19-lay[60]
2024-04-03 13:35:45,928 - Inference - INFO - end-inf-tt-0.19-lay[60]
2024-04-03 13:39:46,075 - Inference - INFO - start-inf-tt-0.19-lay[44]
2024-04-03 13:40:43,277 - Inference - INFO - end-inf-tt-0.19-lay[44]
2024-04-03 13:44:43,525 - Inference - INFO - start-inf-tt-80-lay[63]
2024-04-03 13:45:46,653 - Inference - INFO - end-inf-tt-80-lay[63]
